
xv6 kernel is booting

hart 2 starting
hart 1 starting
page table 0x0000000087f65000
 ..0: pte 0x0000000021fd8401 pa 0x0000000087f61000
 .. ..0: pte 0x0000000021fd8001 pa 0x0000000087f60000
 .. .. ..0: pte 0x0000000021fd881f pa 0x0000000087f62000
 .. .. ..1: pte 0x0000000021fd7c0f pa 0x0000000087f5f000
 .. .. ..2: pte 0x0000000021fd781f pa 0x0000000087f5e000
 ..255: pte 0x0000000021fd9001 pa 0x0000000087f64000
 .. ..511: pte 0x0000000021fd8c01 pa 0x0000000087f63000
 .. .. ..510: pte 0x0000000021fedc07 pa 0x0000000087fb7000
 .. .. ..511: pte 0x0000000020001c0b pa 0x0000000080007000
init: starting sh
$ usertests
usertests starting
test execout: OK
test copyin: OK
test copyout: OK
test copyinstr1: OK
test copyinstr2: OK
test copyinstr3: OK
test truncate1: OK
test truncate2: OK
test truncate3: OK
test reparent2: OK
test pgbug: OK
test sbrkbugs: usertrap(): unexpected scause 0x000000000000000c pid=3234
            sepc=0x0000000000005416 stval=0x0000000000005416
usertrap(): unexpected scause 0x000000000000000c pid=3235
            sepc=0x0000000000005416 stval=0x0000000000005416
OK
test badarg: OK
test reparent: OK
test twochildren: OK
test forkfork: OK
test forkforkfork: OK
test argptest: OK
test createdelete: OK
test linkunlink: OK
test linktest: OK
test unlinkread: OK
test concreate: OK
test subdir: OK
test fourfiles: OK
test sharedfd: OK
test exectest: OK
test bigargtest: OK
test bigwrite: OK
test bsstest: OK
test sbrkbasic: out of PLIC
TOOMUCH PASS
OK
test sbrkmuch: OK
test kernmem: usertrap(): unexpected scause 0x000000000000000d pid=6214
            sepc=0x000000000000201a stval=0x0000000080000000
usertrap(): unexpected scause 0x000000000000000d pid=6215
            sepc=0x000000000000201a stval=0x000000008000c350
usertrap(): unexpected scause 0x000000000000000d pid=6216
            sepc=0x000000000000201a stval=0x00000000800186a0
usertrap(): unexpected scause 0x000000000000000d pid=6217
            sepc=0x000000000000201a stval=0x00000000800249f0
usertrap(): unexpected scause 0x000000000000000d pid=6218
            sepc=0x000000000000201a stval=0x0000000080030d40
usertrap(): unexpected scause 0x000000000000000d pid=6219
            sepc=0x000000000000201a stval=0x000000008003d090
usertrap(): unexpected scause 0x000000000000000d pid=6220
            sepc=0x000000000000201a stval=0x00000000800493e0
usertrap(): unexpected scause 0x000000000000000d pid=6221
            sepc=0x000000000000201a stval=0x0000000080055730
usertrap(): unexpected scause 0x000000000000000d pid=6222
            sepc=0x000000000000201a stval=0x0000000080061a80
usertrap(): unexpected scause 0x000000000000000d pid=6223
            sepc=0x000000000000201a stval=0x000000008006ddd0
usertrap(): unexpected scause 0x000000000000000d pid=6224
            sepc=0x000000000000201a stval=0x000000008007a120
usertrap(): unexpected scause 0x000000000000000d pid=6225
            sepc=0x000000000000201a stval=0x0000000080086470
usertrap(): unexpected scause 0x000000000000000d pid=6226
            sepc=0x000000000000201a stval=0x00000000800927c0
usertrap(): unexpected scause 0x000000000000000d pid=6227
            sepc=0x000000000000201a stval=0x000000008009eb10
usertrap(): unexpected scause 0x000000000000000d pid=6228
            sepc=0x000000000000201a stval=0x00000000800aae60
usertrap(): unexpected scause 0x000000000000000d pid=6229
            sepc=0x000000000000201a stval=0x00000000800b71b0
usertrap(): unexpected scause 0x000000000000000d pid=6230
            sepc=0x000000000000201a stval=0x00000000800c3500
usertrap(): unexpected scause 0x000000000000000d pid=6231
            sepc=0x000000000000201a stval=0x00000000800cf850
usertrap(): unexpected scause 0x000000000000000d pid=6232
            sepc=0x000000000000201a stval=0x00000000800dbba0
usertrap(): unexpected scause 0x000000000000000d pid=6233
            sepc=0x000000000000201a stval=0x00000000800e7ef0
usertrap(): unexpected scause 0x000000000000000d pid=6234
            sepc=0x000000000000201a stval=0x00000000800f4240
usertrap(): unexpected scause 0x000000000000000d pid=6235
            sepc=0x000000000000201a stval=0x0000000080100590
usertrap(): unexpected scause 0x000000000000000d pid=6236
            sepc=0x000000000000201a stval=0x000000008010c8e0
usertrap(): unexpected scause 0x000000000000000d pid=6237
            sepc=0x000000000000201a stval=0x0000000080118c30
usertrap(): unexpected scause 0x000000000000000d pid=6238
            sepc=0x000000000000201a stval=0x0000000080124f80
usertrap(): unexpected scause 0x000000000000000d pid=6239
            sepc=0x000000000000201a stval=0x00000000801312d0
usertrap(): unexpected scause 0x000000000000000d pid=6240
            sepc=0x000000000000201a stval=0x000000008013d620
usertrap(): unexpected scause 0x000000000000000d pid=6241
            sepc=0x000000000000201a stval=0x0000000080149970
usertrap(): unexpected scause 0x000000000000000d pid=6242
            sepc=0x000000000000201a stval=0x0000000080155cc0
usertrap(): unexpected scause 0x000000000000000d pid=6243
            sepc=0x000000000000201a stval=0x0000000080162010
usertrap(): unexpected scause 0x000000000000000d pid=6244
            sepc=0x000000000000201a stval=0x000000008016e360
usertrap(): unexpected scause 0x000000000000000d pid=6245
            sepc=0x000000000000201a stval=0x000000008017a6b0
usertrap(): unexpected scause 0x000000000000000d pid=6246
            sepc=0x000000000000201a stval=0x0000000080186a00
usertrap(): unexpected scause 0x000000000000000d pid=6247
            sepc=0x000000000000201a stval=0x0000000080192d50
usertrap(): unexpected scause 0x000000000000000d pid=6248
            sepc=0x000000000000201a stval=0x000000008019f0a0
usertrap(): unexpected scause 0x000000000000000d pid=6249
            sepc=0x000000000000201a stval=0x00000000801ab3f0
usertrap(): unexpected scause 0x000000000000000d pid=6250
            sepc=0x000000000000201a stval=0x00000000801b7740
usertrap(): unexpected scause 0x000000000000000d pid=6251
            sepc=0x000000000000201a stval=0x00000000801c3a90
usertrap(): unexpected scause 0x000000000000000d pid=6252
            sepc=0x000000000000201a stval=0x00000000801cfde0
usertrap(): unexpected scause 0x000000000000000d pid=6253
            sepc=0x000000000000201a stval=0x00000000801dc130
OK
test sbrkfail: out of PLIC
usertrap(): unexpected scause 0x000000000000000d pid=6265
            sepc=0x0000000000003e8a stval=0x0000000000012000
OK
test sbrkarg: OK
test validatetest: OK
test stacktest: usertrap(): unexpected scause 0x000000000000000d pid=6269
            sepc=0x0000000000002188 stval=0x000000000000fbc0
OK
test opentest: OK
test writetest: OK
test writebig: OK
test createtest: OK
test openiput: OK
test exitiput: OK
test iput: OK
test mem: OK
test pipe1: OK
test preempt: kill... wait... OK
test exitwait: OK
test rmdot: OK
test fourteen: OK
test bigfile: OK
test dirfile: OK
test iref: OK
test forktest: OK
test bigdir: OK
ALL TESTS PASSED
$ qemu-system-riscv64: terminating on signal 15 from pid 38654 (make)
